2024-10-13T08:57:04.116Z info: Email transporter is ready to send emails.
2024-10-13T08:57:04.737Z info: Database connected successfully
2024-10-13T08:57:17.178Z info: Database connected successfully
2024-10-13T08:57:17.579Z info: Email transporter is ready to send emails.
2024-10-13T08:58:28.225Z info: Database connected successfully
2024-10-13T08:58:28.329Z info: Email transporter is ready to send emails.
2024-10-13T08:58:35.813Z info: Database connected successfully
2024-10-13T08:58:35.850Z info: Email transporter is ready to send emails.
2024-10-13T09:00:55.142Z info: Database connected successfully
2024-10-13T09:00:55.263Z info: Email transporter is ready to send emails.
2024-10-13T09:01:01.764Z info: Database connected successfully
2024-10-13T09:01:02.311Z info: Email transporter is ready to send emails.
2024-10-13T09:01:30.565Z info: Database connected successfully
2024-10-13T09:01:31.098Z info: Email transporter is ready to send emails.
2024-10-13T09:01:42.646Z info: Database connected successfully
2024-10-13T09:01:43.773Z info: Email transporter is ready to send emails.
2024-10-13T09:02:13.026Z info: Fetched orders per service type
2024-10-13T09:02:13.030Z info: Fetched total orders
2024-10-13T09:02:13.117Z info: Fetched revenue over time
2024-10-13T09:02:13.122Z info: Fetched revenue analytics
2024-10-13T09:02:13.125Z info: Fetched top clients
2024-10-13T09:02:14.395Z info: Fetched revenue by service type
2024-10-13T09:02:14.406Z info: Fetched orders over time
2024-10-13T09:04:17.235Z info: Fetched orders over time
2024-10-13T09:04:17.241Z info: Fetched revenue by service type
2024-10-13T09:04:17.246Z info: Fetched total orders
2024-10-13T09:04:17.248Z info: Fetched orders per service type
2024-10-13T09:04:17.327Z info: Fetched revenue analytics
2024-10-13T09:04:17.355Z info: Fetched top clients
2024-10-13T09:04:17.971Z info: Fetched revenue over time
2024-10-13T09:05:23.249Z info: Fetched revenue over time
2024-10-13T09:05:23.255Z info: Fetched orders per service type
2024-10-13T09:05:23.260Z info: Fetched orders over time
2024-10-13T09:05:23.268Z info: Fetched revenue by service type
2024-10-13T09:05:23.271Z info: Fetched total orders
2024-10-13T09:05:23.362Z info: Fetched top clients
2024-10-13T09:05:23.365Z info: Fetched revenue analytics
2024-10-13T09:05:30.159Z info: Fetched orders over time
2024-10-13T09:05:30.166Z info: Fetched revenue over time
2024-10-13T09:05:30.180Z info: Fetched total orders
2024-10-13T09:05:30.183Z info: Fetched orders per service type
2024-10-13T09:05:30.185Z info: Fetched revenue by service type
2024-10-13T09:05:30.258Z info: Fetched revenue analytics
2024-10-13T09:05:30.338Z info: Fetched top clients
2024-10-13T09:06:43.322Z info: Fetched total orders
2024-10-13T09:06:43.368Z info: Fetched revenue over time
2024-10-13T09:06:43.375Z info: Fetched orders over time
2024-10-13T09:06:43.377Z info: Fetched orders per service type
2024-10-13T09:06:43.379Z info: Fetched revenue by service type
2024-10-13T09:06:43.406Z info: Fetched top clients
2024-10-13T09:06:43.425Z info: Fetched revenue analytics
2024-10-13T09:06:53.445Z info: Fetched total orders
2024-10-13T09:06:53.449Z info: Fetched orders per service type
2024-10-13T09:06:53.452Z info: Fetched orders over time
2024-10-13T09:06:53.456Z info: Fetched revenue by service type
2024-10-13T09:06:53.458Z info: Fetched revenue over time
2024-10-13T09:06:53.546Z info: Fetched revenue analytics
2024-10-13T09:06:53.553Z info: Fetched top clients
2024-10-13T09:07:17.999Z info: Fetched total orders
2024-10-13T09:07:18.020Z info: Fetched revenue by service type
2024-10-13T09:07:18.023Z info: Fetched revenue over time
2024-10-13T09:07:18.026Z info: Fetched orders over time
2024-10-13T09:07:18.029Z info: Fetched orders per service type
2024-10-13T09:07:18.084Z info: Fetched top clients
2024-10-13T09:07:18.092Z info: Fetched revenue analytics
2024-10-13T09:08:24.006Z info: Fetched total orders
2024-10-13T09:08:24.105Z info: Fetched orders over time
2024-10-13T09:08:24.111Z info: Fetched revenue over time
2024-10-13T09:08:24.207Z info: Fetched revenue analytics
2024-10-13T09:08:24.210Z info: Fetched top clients
2024-10-13T09:08:24.445Z info: Fetched revenue by service type
2024-10-13T09:08:24.460Z info: Fetched orders per service type
2024-10-13T09:10:16.430Z info: Fetched revenue by service type
2024-10-13T09:10:16.432Z info: Fetched orders per service type
2024-10-13T09:10:16.436Z info: Fetched total orders
2024-10-13T09:10:16.524Z info: Fetched revenue analytics
2024-10-13T09:10:16.531Z info: Fetched top clients
2024-10-13T09:10:17.208Z info: Fetched orders over time
2024-10-13T09:10:17.219Z info: Fetched revenue over time
2024-10-13T09:11:34.135Z info: Fetched total orders
2024-10-13T09:11:34.138Z info: Fetched revenue by service type
2024-10-13T09:11:34.150Z info: Fetched orders per service type
2024-10-13T09:11:34.160Z info: Fetched orders over time
2024-10-13T09:11:34.168Z info: Fetched revenue over time
2024-10-13T09:11:34.208Z info: Fetched revenue analytics
2024-10-13T09:11:34.290Z info: Fetched top clients
2024-10-13T09:12:55.862Z info: Fetched total orders
2024-10-13T09:12:55.927Z info: Fetched orders over time
2024-10-13T09:12:55.946Z info: Fetched orders per service type
2024-10-13T09:12:55.950Z info: Fetched revenue over time
2024-10-13T09:12:55.952Z info: Fetched revenue by service type
2024-10-13T09:12:55.970Z info: Fetched top clients
2024-10-13T09:12:56.045Z info: Fetched revenue analytics
2024-10-13T09:12:58.528Z info: Fetched orders per service type
2024-10-13T09:12:58.532Z info: Fetched total orders
2024-10-13T09:12:58.535Z info: Fetched revenue over time
2024-10-13T09:12:58.542Z info: Fetched revenue by service type
2024-10-13T09:12:58.545Z info: Fetched orders over time
2024-10-13T09:12:58.671Z info: Fetched revenue analytics
2024-10-13T09:12:58.726Z info: Fetched top clients
2024-10-13T09:13:38.230Z info: Fetched total orders
2024-10-13T09:13:38.233Z info: Fetched revenue over time
2024-10-13T09:13:38.235Z info: Fetched revenue by service type
2024-10-13T09:13:38.237Z info: Fetched orders over time
2024-10-13T09:13:38.242Z info: Fetched orders per service type
2024-10-13T09:13:38.322Z info: Fetched revenue analytics
2024-10-13T09:13:38.378Z info: Fetched top clients
2024-10-13T09:14:37.224Z info: Fetched top clients
2024-10-13T09:14:52.960Z info: Fetched total orders
2024-10-13T09:15:01.332Z error: Error fetching revenue analytics: read ECONNRESET
2024-10-13T09:15:01.350Z info: Fetched total orders
2024-10-13T09:15:01.357Z error: Error fetching revenue by service type: read ECONNRESET
2024-10-13T09:15:01.362Z error: Error fetching orders over time: read ECONNRESET
2024-10-13T09:15:01.368Z error: Error fetching revenue over time: read ECONNRESET
2024-10-13T09:15:01.378Z info: Fetched orders per service type
2024-10-13T09:15:01.477Z info: Fetched top clients
2024-10-13T09:15:32.001Z info: Fetched total orders
2024-10-13T09:15:32.089Z info: Fetched orders over time
2024-10-13T09:15:32.098Z info: Fetched revenue over time
2024-10-13T09:15:32.180Z info: Fetched revenue analytics
2024-10-13T09:15:32.191Z info: Fetched top clients
2024-10-13T09:15:32.656Z info: Fetched revenue by service type
2024-10-13T09:15:32.659Z info: Fetched orders per service type
2024-10-13T09:16:04.584Z info: Database connected successfully
2024-10-13T09:16:05.740Z info: Email transporter is ready to send emails.
2024-10-13T09:16:07.199Z info: Fetched total orders
2024-10-13T09:16:07.241Z info: Fetched orders per service type
2024-10-13T09:16:07.287Z info: Fetched revenue over time
2024-10-13T09:16:07.312Z info: Fetched revenue analytics
2024-10-13T09:16:07.325Z info: Fetched top clients
2024-10-13T09:16:07.712Z info: Fetched revenue by service type
2024-10-13T09:16:07.717Z info: Fetched orders over time
2024-10-13T09:16:13.411Z info: Fetched revenue by service type
2024-10-13T09:16:13.433Z info: Fetched orders per service type
2024-10-13T09:16:13.445Z info: Fetched total orders
2024-10-13T09:16:13.449Z info: Fetched orders over time
2024-10-13T09:16:13.500Z info: Fetched revenue analytics
2024-10-13T09:16:13.540Z info: Fetched top clients
2024-10-13T09:16:13.918Z info: Fetched revenue over time
2024-10-13T09:16:30.081Z info: Fetched total orders
2024-10-13T09:16:30.092Z info: Fetched orders per service type
2024-10-13T09:16:30.104Z info: Fetched revenue by service type
2024-10-13T09:16:30.116Z info: Fetched orders over time
2024-10-13T09:16:30.121Z info: Fetched revenue over time
2024-10-13T09:16:30.173Z info: Fetched top clients
2024-10-13T09:16:30.182Z info: Fetched revenue analytics
2024-10-13T09:16:52.069Z info: Fetched orders over time
2024-10-13T09:17:01.977Z info: Fetched orders over time
2024-10-13T09:20:24.488Z info: Database connected successfully
2024-10-13T09:20:24.530Z info: Email transporter is ready to send emails.
2024-10-13T09:20:28.205Z info: Database connected successfully
2024-10-13T09:20:29.431Z info: Email transporter is ready to send emails.
2024-10-13T09:20:33.155Z info: Database connected successfully
2024-10-13T09:20:33.621Z info: Email transporter is ready to send emails.
2024-10-13T09:20:38.057Z info: Database connected successfully
2024-10-13T09:20:39.422Z info: Email transporter is ready to send emails.
2024-10-13T09:20:47.916Z info: Database connected successfully
2024-10-13T09:20:48.341Z info: Email transporter is ready to send emails.
2024-10-13T09:24:38.778Z info: Email transporter is ready to send emails.
2024-10-13T09:24:38.815Z info: Database connected successfully
2024-10-13T09:25:15.512Z info: Database connected successfully
2024-10-13T09:25:15.842Z info: Email transporter is ready to send emails.
2024-10-13T09:25:52.146Z info: Database connected successfully
2024-10-13T09:25:52.257Z info: Email transporter is ready to send emails.
2024-10-13T09:26:05.936Z info: Database connected successfully
2024-10-13T09:26:06.169Z info: Email transporter is ready to send emails.
2024-10-13T09:28:59.272Z info: Email transporter is ready to send emails.
2024-10-13T09:28:59.308Z info: Database connected successfully
2024-10-13T09:29:37.275Z info: Database connected successfully
2024-10-13T09:29:37.798Z info: Email transporter is ready to send emails.
2024-10-13T09:29:46.763Z info: Flight Search sent.
2024-10-13T09:30:02.059Z info: Flight Search sent.
2024-10-13T09:30:30.589Z info: Flight Search sent.
2024-10-13T09:30:37.144Z info: Flight Search sent.
2024-10-13T09:32:01.293Z info: Email transporter is ready to send emails.
2024-10-13T09:32:05.912Z info: Database connected successfully
2024-10-13T09:32:10.905Z info: Flight Search sent.
2024-10-13T09:33:05.146Z info: Email transporter is ready to send emails.
2024-10-13T09:33:05.329Z info: Database connected successfully
2024-10-13T09:33:24.338Z info: Flight Search sent.
2024-10-13T09:33:28.698Z info: Database connected successfully
2024-10-13T09:33:29.089Z info: Email transporter is ready to send emails.
2024-10-13T09:33:58.874Z info: Flight Search sent.
2024-10-13T09:34:32.773Z info: Email transporter is ready to send emails.
2024-10-13T09:34:32.845Z info: Database connected successfully
2024-10-13T09:34:35.919Z info: Flight Search sent.
2024-10-13T09:35:05.608Z info: Database connected successfully
2024-10-13T09:35:06.160Z info: Email transporter is ready to send emails.
2024-10-13T09:35:07.886Z info: Flight Search sent.
2024-10-13T09:35:12.732Z info: Flight Search sent.
2024-10-13T09:36:13.769Z info: Database connected successfully
2024-10-13T09:36:14.201Z info: Email transporter is ready to send emails.
2024-10-13T09:36:20.712Z info: Email transporter is ready to send emails.
2024-10-13T09:36:21.682Z info: Database connected successfully
2024-10-13T09:36:24.521Z info: Flight Search sent.
2024-10-13T09:36:36.306Z info: Database connected successfully
2024-10-13T09:36:37.359Z info: Email transporter is ready to send emails.
2024-10-13T09:36:38.977Z info: Flight Search sent.
2024-10-13T09:37:42.646Z info: Database connected successfully
2024-10-13T09:37:43.059Z info: Email transporter is ready to send emails.
2024-10-13T09:37:47.749Z info: Flight Search sent.
2024-10-13T09:38:12.593Z info: Database connected successfully
2024-10-13T09:38:12.931Z info: Email transporter is ready to send emails.
2024-10-13T09:38:13.433Z info: Flight Search sent.
2024-10-13T09:38:35.411Z info: Database connected successfully
2024-10-13T09:38:35.723Z info: Email transporter is ready to send emails.
2024-10-13T09:38:40.096Z info: Flight Search sent.
2024-10-13T09:39:07.207Z info: Database connected successfully
2024-10-13T09:39:07.245Z info: Email transporter is ready to send emails.
2024-10-13T09:39:07.346Z info: Flight Search sent.
2024-10-13T09:42:17.431Z info: Database connected successfully
2024-10-13T09:42:17.690Z info: Email transporter is ready to send emails.
2024-10-13T09:42:49.776Z info: Database connected successfully
2024-10-13T09:45:14.210Z info: Database connected successfully
2024-10-13T09:45:14.930Z info: Email transporter is ready to send emails.
2024-10-13T09:45:18.502Z info: Flight Search sent.
2024-10-13T09:46:54.823Z info: Email transporter is ready to send emails.
2024-10-13T09:46:54.900Z info: Database connected successfully
2024-10-13T09:46:58.578Z info: Flight Search sent.
2024-10-13T09:47:04.059Z info: Flight Search sent.
2024-10-13T09:47:33.064Z info: Flight Search sent.
2024-10-13T09:49:14.488Z info: Database connected successfully
2024-10-13T09:49:15.492Z info: Email transporter is ready to send emails.
2024-10-13T09:49:26.026Z info: Database connected successfully
2024-10-13T09:49:26.432Z info: Email transporter is ready to send emails.
2024-10-13T09:52:07.059Z info: Database connected successfully
2024-10-13T09:52:07.782Z info: Email transporter is ready to send emails.
2024-10-13T09:55:43.077Z info: Database connected successfully
2024-10-13T09:55:43.144Z info: Email transporter is ready to send emails.
2024-10-13T09:57:12.703Z info: Database connected successfully
2024-10-13T09:57:13.382Z info: Email transporter is ready to send emails.
2024-10-13T09:57:21.006Z info: Database connected successfully
2024-10-13T09:57:21.462Z info: Email transporter is ready to send emails.
2024-10-13T09:58:37.482Z info: Database connected successfully
2024-10-13T09:58:37.881Z info: Email transporter is ready to send emails.
2024-10-13T09:59:12.612Z info: Flight Search sent.
2024-10-13T10:00:08.384Z error: Error fetching seat maps: Server Failure.
2024-10-13T10:00:08.388Z error: Error calling the API: Server Failure.
2024-10-13T10:01:04.937Z info: Database connected successfully
2024-10-13T10:01:05.013Z info: Email transporter is ready to send emails.
2024-10-13T10:01:08.513Z error: Error fetching seat maps: Server Failure.
2024-10-13T10:01:08.517Z error: Error calling the API: Server Failure.
2024-10-13T10:01:19.941Z info: Database connected successfully
2024-10-13T10:01:21.091Z info: Email transporter is ready to send emails.
2024-10-13T10:01:22.619Z error: Error fetching seat maps: Server Failure.
2024-10-13T10:01:22.623Z error: Error calling the API: Server Failure.
2024-10-13T10:01:36.494Z info: Flight City data sent.
2024-10-13T10:01:40.184Z info: Flight City data sent.
2024-10-13T10:01:40.909Z info: Flight Search sent.
2024-10-13T10:01:40.972Z info: Flight City data sent.
2024-10-13T10:02:06.311Z info: Flight Search sent.
2024-10-13T10:02:33.853Z error: Error fetching seat maps: Server Failure.
2024-10-13T10:02:33.857Z error: Error calling the API: Server Failure.
2024-10-13T10:02:53.896Z info: Database connected successfully
2024-10-13T10:02:53.925Z info: Email transporter is ready to send emails.
2024-10-13T10:02:58.196Z error: Error fetching seat maps: Server Failure.
2024-10-13T10:02:58.199Z error: Error calling the API: Server Failure.
2024-10-13T10:03:09.031Z info: Database connected successfully
2024-10-13T10:03:10.289Z info: Email transporter is ready to send emails.
2024-10-13T10:03:15.865Z error: Error fetching seat maps: Server Failure.
2024-10-13T10:03:15.876Z error: Error calling the API: Server Failure.
2024-10-13T10:03:35.149Z info: Database connected successfully
2024-10-13T10:03:35.553Z info: Email transporter is ready to send emails.
2024-10-13T10:04:14.015Z info: Database connected successfully
2024-10-13T10:04:14.132Z info: Email transporter is ready to send emails.
2024-10-13T10:05:09.379Z info: Flight City data sent.
2024-10-13T10:05:10.236Z info: Flight City data sent.
2024-10-13T10:05:14.613Z info: Flight Search sent.
2024-10-13T10:05:33.648Z info: Flight Search sent.
2024-10-13T10:06:55.432Z info: Database connected successfully
2024-10-13T10:06:56.351Z info: Email transporter is ready to send emails.
2024-10-13T10:10:16.860Z info: Database connected successfully
2024-10-13T10:10:17.010Z info: Email transporter is ready to send emails.
2024-10-13T10:10:50.365Z info: Database connected successfully
2024-10-13T10:10:50.705Z info: Email transporter is ready to send emails.
2024-10-13T10:11:42.449Z info: Database connected successfully
2024-10-13T10:11:42.640Z info: Email transporter is ready to send emails.
2024-10-13T10:12:19.236Z info: Database connected successfully
2024-10-13T10:12:19.675Z info: Email transporter is ready to send emails.
2024-10-13T10:16:13.575Z info: Database connected successfully
2024-10-13T10:16:13.634Z info: Email transporter is ready to send emails.
2024-10-13T10:19:47.990Z info: Database connected successfully
2024-10-13T10:19:48.668Z info: Email transporter is ready to send emails.
2024-10-13T10:22:13.170Z info: Email transporter is ready to send emails.
2024-10-13T10:22:13.295Z info: Database connected successfully
2024-10-13T10:24:17.173Z info: Email transporter is ready to send emails.
2024-10-13T10:24:17.317Z info: Database connected successfully
2024-10-13T10:24:50.409Z info: Database connected successfully
2024-10-13T10:24:50.929Z info: Email transporter is ready to send emails.
2024-10-13T10:28:03.065Z info: Database connected successfully
2024-10-13T10:28:03.227Z info: Email transporter is ready to send emails.
2024-10-13T10:30:05.395Z info: Database connected successfully
2024-10-13T10:30:05.636Z info: Email transporter is ready to send emails.
2024-10-13T10:32:37.887Z info: Database connected successfully
2024-10-13T10:32:38.185Z info: Email transporter is ready to send emails.
2024-10-13T10:33:27.593Z info: Database connected successfully
2024-10-13T10:33:28.295Z info: Email transporter is ready to send emails.
2024-10-13T10:33:31.400Z info: Database connected successfully
2024-10-13T10:33:32.720Z info: Email transporter is ready to send emails.
2024-10-13T10:36:59.722Z info: Database connected successfully
2024-10-13T10:37:00.588Z info: Email transporter is ready to send emails.
2024-10-13T10:37:32.333Z info: Database connected successfully
2024-10-13T10:37:32.942Z info: Email transporter is ready to send emails.
2024-10-13T10:37:42.694Z info: Database connected successfully
2024-10-13T10:37:43.293Z info: Email transporter is ready to send emails.
2024-10-13T10:37:49.173Z info: Database connected successfully
2024-10-13T10:37:52.178Z info: Database connected successfully
2024-10-13T10:37:53.434Z info: Email transporter is ready to send emails.
2024-10-13T10:49:02.998Z info: Fetched total orders
2024-10-13T10:49:03.058Z info: Fetched orders over time
2024-10-13T10:49:03.071Z info: Fetched revenue over time
2024-10-13T10:49:03.135Z info: Fetched revenue analytics
2024-10-13T10:49:03.141Z info: Fetched top clients
2024-10-13T10:49:03.431Z info: Fetched orders per service type
2024-10-13T10:49:03.442Z info: Fetched revenue by service type
2024-10-13T10:49:30.993Z info: Fetched revenue by service type
2024-10-13T10:49:30.998Z info: Fetched total orders
2024-10-13T10:49:31.000Z info: Fetched orders per service type
2024-10-13T10:49:31.151Z info: Fetched revenue analytics
2024-10-13T10:49:31.155Z info: Fetched top clients
2024-10-13T10:49:31.617Z info: Fetched orders over time
2024-10-13T10:49:31.634Z info: Fetched revenue over time
