2024-10-14T01:27:04.765Z info: Email transporter is ready to send emails.
2024-10-14T01:27:05.161Z info: Database connected successfully
2024-10-14T01:47:41.700Z info: Database connected successfully
2024-10-14T01:47:42.687Z info: Email transporter is ready to send emails.
2024-10-14T01:48:47.933Z info: Database connected successfully
2024-10-14T01:48:48.548Z info: Email transporter is ready to send emails.
2024-10-14T04:31:06.639Z info: Database connected successfully
2024-10-14T04:31:07.453Z info: Email transporter is ready to send emails.
2024-10-14T04:33:36.235Z info: Database connected successfully
2024-10-14T04:33:36.945Z info: Email transporter is ready to send emails.
2024-10-14T04:33:46.774Z info: Database connected successfully
2024-10-14T04:33:47.874Z info: Email transporter is ready to send emails.
2024-10-14T04:47:42.960Z error: Database connection failed: querySrv ESERVFAIL _mongodb._tcp.cluster0.d6wk1.mongodb.net
2024-10-14T05:28:02.992Z info: Database connected successfully
2024-10-14T05:28:03.678Z info: Email transporter is ready to send emails.
2024-10-14T05:28:38.615Z info: Database connected successfully
2024-10-14T05:28:39.923Z info: Email transporter is ready to send emails.
2024-10-14T05:34:13.971Z info: Database connected successfully
2024-10-14T05:34:14.503Z info: Email transporter is ready to send emails.
2024-10-14T05:38:54.244Z info: Database connected successfully
2024-10-14T05:38:55.029Z info: Email transporter is ready to send emails.
2024-10-14T05:40:35.316Z info: Fetched total orders
2024-10-14T05:40:35.346Z info: Fetched revenue analytics
2024-10-14T05:40:35.733Z info: Fetched orders per service type
2024-10-14T05:40:35.739Z info: Fetched orders over time
2024-10-14T05:40:35.752Z info: Fetched revenue by service type
2024-10-14T05:40:35.943Z info: Fetched top clients
2024-10-14T05:40:35.952Z info: Fetched revenue over time
2024-10-14T05:45:28.944Z info: Database connected successfully
2024-10-14T05:45:29.728Z info: Email transporter is ready to send emails.
